This file contains any messages produced by compilers while
running configure, to aid debugging if configure makes a mistake.

It was created by MP4v2 configure 2.0.0, which was
generated by GNU Autoconf 2.65.  Invocation command line was

  $ ./configure --disable-debug

## --------- ##
## Platform. ##
## --------- ##

hostname = hunqp
uname -m = x86_64
uname -r = 5.15.0-119-generic
uname -s = Linux
uname -v = #129~20.04.1-Ubuntu SMP Wed Aug 7 13:07:13 UTC 2024

/usr/bin/uname -p = x86_64
/bin/uname -X     = unknown

/bin/arch              = x86_64
/usr/bin/arch -k       = unknown
/usr/convex/getsysinfo = unknown
/usr/bin/hostinfo      = unknown
/bin/machine           = unknown
/usr/bin/oslevel       = unknown
/bin/universe          = unknown

PATH: /usr/local/sbin
PATH: /usr/local/bin
PATH: /usr/sbin
PATH: /usr/bin
PATH: /sbin
PATH: /bin
PATH: /usr/games
PATH: /usr/local/games
PATH: /snap/bin


## ----------- ##
## Core tests. ##
## ----------- ##

configure:2408:
  -->
  --> Configuring MP4v2 2.0.0
  -->
configure:2453: checking for a BSD-compatible install
configure:2521: result: /usr/bin/install -c
configure:2532: checking whether build environment is sane
configure:2582: result: yes
configure:2723: checking for a thread-safe mkdir -p
configure:2762: result: /usr/bin/mkdir -p
configure:2775: checking for gawk
configure:2805: result: no
configure:2775: checking for mawk
configure:2791: found /usr/bin/mawk
configure:2802: result: mawk
configure:2813: checking whether make sets $(MAKE)
configure:2835: result: yes
configure:2927: checking build system type
configure:2941: result: x86_64-unknown-linux-gnu
configure:2961: checking host system type
configure:2974: result: x86_64-unknown-linux-gnu
configure:3116: checking for g++
configure:3132: found /usr/bin/g++
configure:3143: result: g++
configure:3170: checking for C++ compiler version
configure:3179: g++ --version >&5
g++ (Ubuntu 9.4.0-1ubuntu1~20.04.2) 9.4.0
Copyright (C) 2019 Free Software Foundation, Inc.
This is free software; see the source for copying conditions.  There is NO
warranty; not even for MERCHANTABILITY or FITNESS FOR A PARTICULAR PURPOSE.

configure:3190: $? = 0
configure:3179: g++ -v >&5
Using built-in specs.
COLLECT_GCC=g++
COLLECT_LTO_WRAPPER=/usr/lib/gcc/x86_64-linux-gnu/9/lto-wrapper
OFFLOAD_TARGET_NAMES=nvptx-none:hsa
OFFLOAD_TARGET_DEFAULT=1
Target: x86_64-linux-gnu
Configured with: ../src/configure -v --with-pkgversion='Ubuntu 9.4.0-1ubuntu1~20.04.2' --with-bugurl=file:///usr/share/doc/gcc-9/README.Bugs --enable-languages=c,ada,c++,go,brig,d,fortran,objc,obj-c++,gm2 --prefix=/usr --with-gcc-major-version-only --program-suffix=-9 --program-prefix=x86_64-linux-gnu- --enable-shared --enable-linker-build-id --libexecdir=/usr/lib --without-included-gettext --enable-threads=posix --libdir=/usr/lib --enable-nls --enable-clocale=gnu --enable-libstdcxx-debug --enable-libstdcxx-time=yes --with-default-libstdcxx-abi=new --enable-gnu-unique-object --disable-vtable-verify --enable-plugin --enable-default-pie --with-system-zlib --with-target-system-zlib=auto --enable-objc-gc=auto --enable-multiarch --disable-werror --with-arch-32=i686 --with-abi=m64 --with-multilib-list=m32,m64,mx32 --enable-multilib --with-tune=generic --enable-offload-targets=nvptx-none=/build/gcc-9-9QDOt0/gcc-9-9.4.0/debian/tmp-nvptx/usr,hsa --without-cuda-driver --enable-checking=release --build=x86_64-linux-gnu --host=x86_64-linux-gnu --target=x86_64-linux-gnu
Thread model: posix
gcc version 9.4.0 (Ubuntu 9.4.0-1ubuntu1~20.04.2) 
configure:3190: $? = 0
configure:3179: g++ -V >&5
g++: error: unrecognized command line option '-V'
g++: fatal error: no input files
compilation terminated.
configure:3190: $? = 1
configure:3179: g++ -qversion >&5
g++: error: unrecognized command line option '-qversion'; did you mean '--version'?
g++: fatal error: no input files
compilation terminated.
configure:3190: $? = 1
configure:3210: checking whether the C++ compiler works
configure:3232: g++    conftest.cpp  >&5
configure:3236: $? = 0
configure:3285: result: yes
configure:3288: checking for C++ compiler default output file name
configure:3290: result: a.out
configure:3296: checking for suffix of executables
configure:3303: g++ -o conftest    conftest.cpp  >&5
configure:3307: $? = 0
configure:3329: result: 
configure:3351: checking whether we are cross compiling
configure:3359: g++ -o conftest    conftest.cpp  >&5
configure:3363: $? = 0
configure:3370: ./conftest
configure:3374: $? = 0
configure:3362: result: no
configure:3367: checking for suffix of object files
configure:3389: g++ -c   conftest.cpp >&5
configure:3393: $? = 0
configure:3414: result: o
configure:3418: checking whether we are using the GNU C++ compiler
configure:3437: g++ -c   conftest.cpp >&5
configure:3437: $? = 0
configure:3446: result: yes
configure:3455: checking whether g++ accepts -g
configure:3475: g++ -c -g  conftest.cpp >&5
configure:3475: $? = 0
configure:3516: result: yes
configure:3550: checking for style of include used by make
configure:3578: result: GNU
configure:3603: checking dependency style of g++
configure:3713: result: none
configure:3801: checking for gcc
configure:3817: found /usr/bin/gcc
configure:3828: result: gcc
configure:4057: checking for C compiler version
configure:4066: gcc --version >&5
gcc (Ubuntu 9.4.0-1ubuntu1~20.04.2) 9.4.0
Copyright (C) 2019 Free Software Foundation, Inc.
This is free software; see the source for copying conditions.  There is NO
warranty; not even for MERCHANTABILITY or FITNESS FOR A PARTICULAR PURPOSE.

configure:4077: $? = 0
configure:4066: gcc -v >&5
Using built-in specs.
COLLECT_GCC=gcc
COLLECT_LTO_WRAPPER=/usr/lib/gcc/x86_64-linux-gnu/9/lto-wrapper
OFFLOAD_TARGET_NAMES=nvptx-none:hsa
OFFLOAD_TARGET_DEFAULT=1
Target: x86_64-linux-gnu
Configured with: ../src/configure -v --with-pkgversion='Ubuntu 9.4.0-1ubuntu1~20.04.2' --with-bugurl=file:///usr/share/doc/gcc-9/README.Bugs --enable-languages=c,ada,c++,go,brig,d,fortran,objc,obj-c++,gm2 --prefix=/usr --with-gcc-major-version-only --program-suffix=-9 --program-prefix=x86_64-linux-gnu- --enable-shared --enable-linker-build-id --libexecdir=/usr/lib --without-included-gettext --enable-threads=posix --libdir=/usr/lib --enable-nls --enable-clocale=gnu --enable-libstdcxx-debug --enable-libstdcxx-time=yes --with-default-libstdcxx-abi=new --enable-gnu-unique-object --disable-vtable-verify --enable-plugin --enable-default-pie --with-system-zlib --with-target-system-zlib=auto --enable-objc-gc=auto --enable-multiarch --disable-werror --with-arch-32=i686 --with-abi=m64 --with-multilib-list=m32,m64,mx32 --enable-multilib --with-tune=generic --enable-offload-targets=nvptx-none=/build/gcc-9-9QDOt0/gcc-9-9.4.0/debian/tmp-nvptx/usr,hsa --without-cuda-driver --enable-checking=release --build=x86_64-linux-gnu --host=x86_64-linux-gnu --target=x86_64-linux-gnu
Thread model: posix
gcc version 9.4.0 (Ubuntu 9.4.0-1ubuntu1~20.04.2) 
configure:4077: $? = 0
configure:4066: gcc -V >&5
gcc: error: unrecognized command line option '-V'
gcc: fatal error: no input files
compilation terminated.
configure:4077: $? = 1
configure:4066: gcc -qversion >&5
gcc: error: unrecognized command line option '-qversion'; did you mean '--version'?
gcc: fatal error: no input files
compilation terminated.
configure:4077: $? = 1
configure:4081: checking whether we are using the GNU C compiler
configure:4100: gcc -c   conftest.c >&5
configure:4100: $? = 0
configure:4109: result: yes
configure:4118: checking whether gcc accepts -g
configure:4138: gcc -c -g  conftest.c >&5
configure:4138: $? = 0
configure:4179: result: yes
configure:4196: checking for gcc option to accept ISO C89
configure:4260: gcc  -c -g -O2  conftest.c >&5
configure:4260: $? = 0
configure:4273: result: none needed
configure:4295: checking dependency style of gcc
configure:4405: result: none
configure:4420: checking for a sed that does not truncate output
configure:4484: result: /usr/bin/sed
configure:4502: checking for grep that handles long lines and -e
configure:4560: result: /usr/bin/grep
configure:4565: checking for egrep
configure:4627: result: /usr/bin/grep -E
configure:4632: checking for fgrep
configure:4694: result: /usr/bin/grep -F
configure:4729: checking for ld used by gcc
configure:4796: result: /usr/bin/ld
configure:4803: checking if the linker (/usr/bin/ld) is GNU ld
configure:4818: result: yes
configure:4830: checking for BSD- or MS-compatible name lister (nm)
configure:4879: result: /usr/bin/nm -B
configure:4997: checking the name lister (/usr/bin/nm -B) interface
configure:5035: gcc -c -g -O2  conftest.c >&5
configure:5038: /usr/bin/nm -B "conftest.o"
configure:5041: output
0000000000000000 B some_variable
configure:5011: result: BSD nm
configure:5014: checking whether ln -s works
configure:5018: result: yes
configure:5026: checking the maximum length of command line arguments
configure:5146: result: 1572864
configure:5163: checking whether the shell understands some XSI constructs
configure:5172: result: yes
configure:5176: checking whether the shell understands "+="
configure:5180: result: yes
configure:5215: checking for /usr/bin/ld option to reload object files
configure:5222: result: -r
configure:5291: checking for objdump
configure:5307: found /usr/bin/objdump
configure:5318: result: objdump
configure:5350: checking how to recognize dependent libraries
configure:5546: result: pass_all
configure:5606: checking for ar
configure:5622: found /usr/bin/ar
configure:5633: result: ar
configure:5711: checking for strip
configure:5727: found /usr/bin/strip
configure:5738: result: strip
configure:5810: checking for ranlib
configure:5826: found /usr/bin/ranlib
configure:5837: result: ranlib
configure:5927: checking command to parse /usr/bin/nm -B output from gcc object
configure:6045: gcc -c -g -O2  conftest.c >&5
configure:6048: $? = 0
configure:6052: /usr/bin/nm -B conftest.o \| sed -n -e 's/^.*[	 ]\([ABCDGIRSTW][ABCDGIRSTW]*\)[	 ][	 ]*\([_A-Za-z][_A-Za-z0-9]*\)$/\1 \2 \2/p' \> conftest.nm
configure:6055: $? = 0
configure:6109: gcc -o conftest -g -O2   conftest.c conftstm.o >&5
configure:6112: $? = 0
configure:6150: result: ok
configure:6246: gcc -c -g -O2  conftest.c >&5
configure:6249: $? = 0
configure:6959: checking how to run the C preprocessor
configure:6990: gcc -E  conftest.c
configure:6990: $? = 0
configure:7004: gcc -E  conftest.c
conftest.c:11:10: fatal error: ac_nonexistent.h: No such file or directory
   11 | #include <ac_nonexistent.h>
      |          ^~~~~~~~~~~~~~~~~~
compilation terminated.
configure:7004: $? = 1
configure: failed program was:
| /* confdefs.h */
| #define PACKAGE_NAME "MP4v2"
| #define PACKAGE_TARNAME "mp4v2"
| #define PACKAGE_VERSION "2.0.0"
| #define PACKAGE_STRING "MP4v2 2.0.0"
| #define PACKAGE_BUGREPORT "kidjan@gmail.com"
| #define PACKAGE_URL ""
| #define PACKAGE "mp4v2"
| #define VERSION "2.0.0"
| /* end confdefs.h.  */
| #include <ac_nonexistent.h>
configure:7029: result: gcc -E
configure:7049: gcc -E  conftest.c
configure:7049: $? = 0
configure:7063: gcc -E  conftest.c
conftest.c:11:10: fatal error: ac_nonexistent.h: No such file or directory
   11 | #include <ac_nonexistent.h>
      |          ^~~~~~~~~~~~~~~~~~
compilation terminated.
configure:7063: $? = 1
configure: failed program was:
| /* confdefs.h */
| #define PACKAGE_NAME "MP4v2"
| #define PACKAGE_TARNAME "mp4v2"
| #define PACKAGE_VERSION "2.0.0"
| #define PACKAGE_STRING "MP4v2 2.0.0"
| #define PACKAGE_BUGREPORT "kidjan@gmail.com"
| #define PACKAGE_URL ""
| #define PACKAGE "mp4v2"
| #define VERSION "2.0.0"
| /* end confdefs.h.  */
| #include <ac_nonexistent.h>
configure:7092: checking for ANSI C header files
configure:7112: gcc -c -g -O2  conftest.c >&5
configure:7112: $? = 0
configure:7185: gcc -o conftest -g -O2   conftest.c  >&5
configure:7185: $? = 0
configure:7185: ./conftest
configure:7185: $? = 0
configure:7196: result: yes
configure:7209: checking for sys/types.h
configure:7209: gcc -c -g -O2  conftest.c >&5
configure:7209: $? = 0
configure:7209: result: yes
configure:7209: checking for sys/stat.h
configure:7209: gcc -c -g -O2  conftest.c >&5
configure:7209: $? = 0
configure:7209: result: yes
configure:7209: checking for stdlib.h
configure:7209: gcc -c -g -O2  conftest.c >&5
configure:7209: $? = 0
configure:7209: result: yes
configure:7209: checking for string.h
configure:7209: gcc -c -g -O2  conftest.c >&5
configure:7209: $? = 0
configure:7209: result: yes
configure:7209: checking for memory.h
configure:7209: gcc -c -g -O2  conftest.c >&5
configure:7209: $? = 0
configure:7209: result: yes
configure:7209: checking for strings.h
configure:7209: gcc -c -g -O2  conftest.c >&5
configure:7209: $? = 0
configure:7209: result: yes
configure:7209: checking for inttypes.h
configure:7209: gcc -c -g -O2  conftest.c >&5
configure:7209: $? = 0
configure:7209: result: yes
configure:7209: checking for stdint.h
configure:7209: gcc -c -g -O2  conftest.c >&5
configure:7209: $? = 0
configure:7209: result: yes
configure:7209: checking for unistd.h
configure:7209: gcc -c -g -O2  conftest.c >&5
configure:7209: $? = 0
configure:7209: result: yes
configure:7224: checking for dlfcn.h
configure:7224: gcc -c -g -O2  conftest.c >&5
configure:7224: $? = 0
configure:7224: result: yes
configure:7349: checking for C++ compiler version
configure:7358: g++ --version >&5
g++ (Ubuntu 9.4.0-1ubuntu1~20.04.2) 9.4.0
Copyright (C) 2019 Free Software Foundation, Inc.
This is free software; see the source for copying conditions.  There is NO
warranty; not even for MERCHANTABILITY or FITNESS FOR A PARTICULAR PURPOSE.

configure:7369: $? = 0
configure:7358: g++ -v >&5
Using built-in specs.
COLLECT_GCC=g++
COLLECT_LTO_WRAPPER=/usr/lib/gcc/x86_64-linux-gnu/9/lto-wrapper
OFFLOAD_TARGET_NAMES=nvptx-none:hsa
OFFLOAD_TARGET_DEFAULT=1
Target: x86_64-linux-gnu
Configured with: ../src/configure -v --with-pkgversion='Ubuntu 9.4.0-1ubuntu1~20.04.2' --with-bugurl=file:///usr/share/doc/gcc-9/README.Bugs --enable-languages=c,ada,c++,go,brig,d,fortran,objc,obj-c++,gm2 --prefix=/usr --with-gcc-major-version-only --program-suffix=-9 --program-prefix=x86_64-linux-gnu- --enable-shared --enable-linker-build-id --libexecdir=/usr/lib --without-included-gettext --enable-threads=posix --libdir=/usr/lib --enable-nls --enable-clocale=gnu --enable-libstdcxx-debug --enable-libstdcxx-time=yes --with-default-libstdcxx-abi=new --enable-gnu-unique-object --disable-vtable-verify --enable-plugin --enable-default-pie --with-system-zlib --with-target-system-zlib=auto --enable-objc-gc=auto --enable-multiarch --disable-werror --with-arch-32=i686 --with-abi=m64 --with-multilib-list=m32,m64,mx32 --enable-multilib --with-tune=generic --enable-offload-targets=nvptx-none=/build/gcc-9-9QDOt0/gcc-9-9.4.0/debian/tmp-nvptx/usr,hsa --without-cuda-driver --enable-checking=release --build=x86_64-linux-gnu --host=x86_64-linux-gnu --target=x86_64-linux-gnu
Thread model: posix
gcc version 9.4.0 (Ubuntu 9.4.0-1ubuntu1~20.04.2) 
configure:7369: $? = 0
configure:7358: g++ -V >&5
g++: error: unrecognized command line option '-V'
g++: fatal error: no input files
compilation terminated.
configure:7369: $? = 1
configure:7358: g++ -qversion >&5
g++: error: unrecognized command line option '-qversion'; did you mean '--version'?
g++: fatal error: no input files
compilation terminated.
configure:7369: $? = 1
configure:7373: checking whether we are using the GNU C++ compiler
configure:7401: result: yes
configure:7410: checking whether g++ accepts -g
configure:7471: result: yes
configure:7496: checking dependency style of g++
configure:7606: result: none
configure:7629: checking how to run the C++ preprocessor
configure:7656: g++ -E  conftest.cpp
configure:7656: $? = 0
configure:7670: g++ -E  conftest.cpp
conftest.cpp:22:10: fatal error: ac_nonexistent.h: No such file or directory
   22 | #include <ac_nonexistent.h>
      |          ^~~~~~~~~~~~~~~~~~
compilation terminated.
configure:7670: $? = 1
configure: failed program was:
| /* confdefs.h */
| #define PACKAGE_NAME "MP4v2"
| #define PACKAGE_TARNAME "mp4v2"
| #define PACKAGE_VERSION "2.0.0"
| #define PACKAGE_STRING "MP4v2 2.0.0"
| #define PACKAGE_BUGREPORT "kidjan@gmail.com"
| #define PACKAGE_URL ""
| #define PACKAGE "mp4v2"
| #define VERSION "2.0.0"
| #define STDC_HEADERS 1
| #define HAVE_SYS_TYPES_H 1
| #define HAVE_SYS_STAT_H 1
| #define HAVE_STDLIB_H 1
| #define HAVE_STRING_H 1
| #define HAVE_MEMORY_H 1
| #define HAVE_STRINGS_H 1
| #define HAVE_INTTYPES_H 1
| #define HAVE_STDINT_H 1
| #define HAVE_UNISTD_H 1
| #define HAVE_DLFCN_H 1
| /* end confdefs.h.  */
| #include <ac_nonexistent.h>
configure:7695: result: g++ -E
configure:7715: g++ -E  conftest.cpp
configure:7715: $? = 0
configure:7729: g++ -E  conftest.cpp
conftest.cpp:22:10: fatal error: ac_nonexistent.h: No such file or directory
   22 | #include <ac_nonexistent.h>
      |          ^~~~~~~~~~~~~~~~~~
compilation terminated.
configure:7729: $? = 1
configure: failed program was:
| /* confdefs.h */
| #define PACKAGE_NAME "MP4v2"
| #define PACKAGE_TARNAME "mp4v2"
| #define PACKAGE_VERSION "2.0.0"
| #define PACKAGE_STRING "MP4v2 2.0.0"
| #define PACKAGE_BUGREPORT "kidjan@gmail.com"
| #define PACKAGE_URL ""
| #define PACKAGE "mp4v2"
| #define VERSION "2.0.0"
| #define STDC_HEADERS 1
| #define HAVE_SYS_TYPES_H 1
| #define HAVE_SYS_STAT_H 1
| #define HAVE_STDLIB_H 1
| #define HAVE_STRING_H 1
| #define HAVE_MEMORY_H 1
| #define HAVE_STRINGS_H 1
| #define HAVE_INTTYPES_H 1
| #define HAVE_STDINT_H 1
| #define HAVE_UNISTD_H 1
| #define HAVE_DLFCN_H 1
| /* end confdefs.h.  */
| #include <ac_nonexistent.h>
configure:7935: checking for objdir
configure:7950: result: .libs
configure:8242: checking if gcc supports -fno-rtti -fno-exceptions
configure:8300: gcc -c -g -O2  -fno-rtti -fno-exceptions conftest.c >&5
cc1: warning: command line option '-fno-rtti' is valid for C++/D/ObjC++ but not for C
configure:8304: $? = 0
configure:8277: result: no
configure:8297: checking for gcc option to produce PIC
configure:8569: result: -fPIC -DPIC
configure:8581: checking if gcc PIC flag -fPIC -DPIC works
configure:8639: gcc -c -g -O2  -fPIC -DPIC -DPIC conftest.c >&5
configure:8643: $? = 0
configure:8616: result: yes
configure:8640: checking if gcc static flag -static works
configure:8668: result: yes
configure:8683: checking if gcc supports -c -o file.o
configure:8744: gcc -c -g -O2  -o out/conftest2.o conftest.c >&5
configure:8748: $? = 0
configure:8730: result: yes
configure:8738: checking if gcc supports -c -o file.o
configure:8785: result: yes
configure:8818: checking whether the gcc linker (/usr/bin/ld -m elf_x86_64) supports shared libraries
configure:9809: result: yes
configure:9846: checking whether -lc should be explicitly linked in
configure:9851: gcc -c -g -O2  conftest.c >&5
configure:9854: $? = 0
configure:9869: gcc -shared conftest.o  -v -Wl,-soname -Wl,conftest -o conftest 2\>\&1 \| /usr/bin/grep  -lc  \>/dev/null 2\>\&1
configure:9872: $? = 0
configure:9884: result: no
configure:10048: checking dynamic linker characteristics
configure:10481: gcc -o conftest -g -O2   -Wl,-rpath -Wl,/foo conftest.c  >&5
configure:10481: $? = 0
configure:10711: result: GNU/Linux ld.so
configure:10813: checking how to hardcode library paths into programs
configure:10838: result: immediate
configure:11358: checking whether stripping libraries is possible
configure:11363: result: yes
configure:11398: checking if libtool supports shared libraries
configure:11400: result: yes
configure:11403: checking whether to build shared libraries
configure:11424: result: yes
configure:11427: checking whether to build static libraries
configure:11431: result: yes
configure:8849: checking for ld used by g++
configure:8916: result: /usr/bin/ld -m elf_x86_64
configure:8923: checking if the linker (/usr/bin/ld -m elf_x86_64) is GNU ld
configure:8938: result: yes
configure:8993: checking whether the g++ linker (/usr/bin/ld -m elf_x86_64) supports shared libraries
configure:9906: result: yes
configure:9934: g++ -c -g -O2  conftest.cpp >&5
configure:9937: $? = 0
configure:10119: checking for g++ option to produce PIC
configure:10436: result: -fPIC -DPIC
configure:10445: checking if g++ PIC flag -fPIC -DPIC works
configure:13235: g++ -c -g -O2  -fPIC -DPIC -DPIC conftest.cpp >&5
configure:13239: $? = 0
configure:10480: result: yes
configure:10501: checking if g++ static flag -static works
configure:10529: result: yes
configure:10541: checking if g++ supports -c -o file.o
configure:13334: g++ -c -g -O2  -o out/conftest2.o conftest.cpp >&5
configure:13338: $? = 0
configure:10588: result: yes
configure:10593: checking if g++ supports -c -o file.o
configure:10640: result: yes
configure:10670: checking whether the g++ linker (/usr/bin/ld -m elf_x86_64) supports shared libraries
configure:10699: result: yes
configure:10836: checking dynamic linker characteristics
configure:11217: g++ -o conftest -g -O2   -Wl,-rpath -Wl,/foo conftest.cpp  >&5
configure:11217: $? = 0
configure:11447: result: GNU/Linux ld.so
configure:11498: checking how to hardcode library paths into programs
configure:11523: result: immediate
configure:10594: checking for help2man
configure:10622: result: no
configure:10635: checking MP4v2 platform portability
configure:10657: result: posix
configure:10780: checking if g++ supports -fvisibility
configure:10799: g++ -c -g -O2 -fvisibility=hidden  conftest.cpp >&5
configure:10799: $? = 0
configure:10811: result: yes
configure:10821: checking if GCC precompiled-headers should be created
configure:10855: result: yes
configure:10924: checking arch flags
configure:10959: result: none
configure:11192: creating ./config.status

## ---------------------- ##
## Running config.status. ##
## ---------------------- ##

This file was extended by MP4v2 config.status 2.0.0, which was
generated by GNU Autoconf 2.65.  Invocation command line was

  CONFIG_FILES    = 
  CONFIG_HEADERS  = 
  CONFIG_LINKS    = 
  CONFIG_COMMANDS = 
  $ ./config.status 

on hunqp

config.status:1165: creating GNUmakefile
config.status:1165: creating include/mp4v2/project.h
config.status:1165: creating project/project.m4
config.status:1165: creating libplatform/config.h
config.status:1337: libplatform/config.h is unchanged
config.status:1385: executing depfiles commands
config.status:1385: executing libtool commands

## ---------------- ##
## Cache variables. ##
## ---------------- ##

ac_cv_build=x86_64-unknown-linux-gnu
ac_cv_c_compiler_gnu=yes
ac_cv_cxx_compiler_gnu=yes
ac_cv_env_CCC_set=
ac_cv_env_CCC_value=
ac_cv_env_CC_set=
ac_cv_env_CC_value=
ac_cv_env_CFLAGS_set=
ac_cv_env_CFLAGS_value=
ac_cv_env_CPPFLAGS_set=
ac_cv_env_CPPFLAGS_value=
ac_cv_env_CPP_set=
ac_cv_env_CPP_value=
ac_cv_env_CXXCPP_set=
ac_cv_env_CXXCPP_value=
ac_cv_env_CXXFLAGS_set=
ac_cv_env_CXXFLAGS_value=
ac_cv_env_CXX_set=
ac_cv_env_CXX_value=
ac_cv_env_LDFLAGS_set=
ac_cv_env_LDFLAGS_value=
ac_cv_env_LIBS_set=
ac_cv_env_LIBS_value=
ac_cv_env_build_alias_set=
ac_cv_env_build_alias_value=
ac_cv_env_host_alias_set=
ac_cv_env_host_alias_value=
ac_cv_env_target_alias_set=
ac_cv_env_target_alias_value=
ac_cv_header_dlfcn_h=yes
ac_cv_header_inttypes_h=yes
ac_cv_header_memory_h=yes
ac_cv_header_stdc=yes
ac_cv_header_stdint_h=yes
ac_cv_header_stdlib_h=yes
ac_cv_header_string_h=yes
ac_cv_header_strings_h=yes
ac_cv_header_sys_stat_h=yes
ac_cv_header_sys_types_h=yes
ac_cv_header_unistd_h=yes
ac_cv_host=x86_64-unknown-linux-gnu
ac_cv_objext=o
ac_cv_path_EGREP='/usr/bin/grep -E'
ac_cv_path_FGREP='/usr/bin/grep -F'
ac_cv_path_GREP=/usr/bin/grep
ac_cv_path_SED=/usr/bin/sed
ac_cv_path_install='/usr/bin/install -c'
ac_cv_path_mkdir=/usr/bin/mkdir
ac_cv_prog_AWK=mawk
ac_cv_prog_CPP='gcc -E'
ac_cv_prog_CXXCPP='g++ -E'
ac_cv_prog_FOUND_HELP2MAN=no
ac_cv_prog_ac_ct_AR=ar
ac_cv_prog_ac_ct_CC=gcc
ac_cv_prog_ac_ct_CXX=g++
ac_cv_prog_ac_ct_OBJDUMP=objdump
ac_cv_prog_ac_ct_RANLIB=ranlib
ac_cv_prog_ac_ct_STRIP=strip
ac_cv_prog_cc_c89=
ac_cv_prog_cc_g=yes
ac_cv_prog_cxx_g=yes
ac_cv_prog_make_make_set=yes
am_cv_CC_dependencies_compiler_type=none
am_cv_CXX_dependencies_compiler_type=none
lt_cv_deplibs_check_method=pass_all
lt_cv_file_magic_cmd='$MAGIC_CMD'
lt_cv_file_magic_test_file=
lt_cv_ld_reload_flag=-r
lt_cv_nm_interface='BSD nm'
lt_cv_objdir=.libs
lt_cv_path_LD=/usr/bin/ld
lt_cv_path_LDCXX='/usr/bin/ld -m elf_x86_64'
lt_cv_path_NM='/usr/bin/nm -B'
lt_cv_prog_compiler_c_o=yes
lt_cv_prog_compiler_c_o_CXX=yes
lt_cv_prog_compiler_pic_works=yes
lt_cv_prog_compiler_pic_works_CXX=yes
lt_cv_prog_compiler_rtti_exceptions=no
lt_cv_prog_compiler_static_works=yes
lt_cv_prog_compiler_static_works_CXX=yes
lt_cv_prog_gnu_ld=yes
lt_cv_prog_gnu_ldcxx=yes
lt_cv_sys_global_symbol_pipe='sed -n -e '\''s/^.*[	 ]\([ABCDGIRSTW][ABCDGIRSTW]*\)[	 ][	 ]*\([_A-Za-z][_A-Za-z0-9]*\)$/\1 \2 \2/p'\'''
lt_cv_sys_global_symbol_to_c_name_address='sed -n -e '\''s/^: \([^ ]*\) $/  {\"\1\", (void *) 0},/p'\'' -e '\''s/^[ABCDGIRSTW]* \([^ ]*\) \([^ ]*\)$/  {"\2", (void *) \&\2},/p'\'''
lt_cv_sys_global_symbol_to_c_name_address_lib_prefix='sed -n -e '\''s/^: \([^ ]*\) $/  {\"\1\", (void *) 0},/p'\'' -e '\''s/^[ABCDGIRSTW]* \([^ ]*\) \(lib[^ ]*\)$/  {"\2", (void *) \&\2},/p'\'' -e '\''s/^[ABCDGIRSTW]* \([^ ]*\) \([^ ]*\)$/  {"lib\2", (void *) \&\2},/p'\'''
lt_cv_sys_global_symbol_to_cdecl='sed -n -e '\''s/^T .* \(.*\)$/extern int \1();/p'\'' -e '\''s/^[ABCDGIRSTW]* .* \(.*\)$/extern char \1;/p'\'''
lt_cv_sys_max_cmd_len=1572864
x_cv_fvisibility=yes

## ----------------- ##
## Output variables. ##
## ----------------- ##

ACLOCAL='${SHELL} /home/hunqp/SDK/MP4v2/mp4v2-2.0.0/autoaux/missing --run aclocal-1.11'
ADD_MANS_FALSE='#'
ADD_MANS_TRUE=''
ADD_PLATFORM_POSIX_FALSE='#'
ADD_PLATFORM_POSIX_TRUE=''
ADD_PLATFORM_WIN32_FALSE=''
ADD_PLATFORM_WIN32_TRUE='#'
ADD_UTIL_FALSE='#'
ADD_UTIL_TRUE=''
AMDEPBACKSLASH=''
AMDEP_FALSE=''
AMDEP_TRUE='#'
AMTAR='${SHELL} /home/hunqp/SDK/MP4v2/mp4v2-2.0.0/autoaux/missing --run tar'
AR='ar'
AUTOCONF='${SHELL} /home/hunqp/SDK/MP4v2/mp4v2-2.0.0/autoaux/missing --run autoconf'
AUTOHEADER='${SHELL} /home/hunqp/SDK/MP4v2/mp4v2-2.0.0/autoaux/missing --run autoheader'
AUTOMAKE='${SHELL} /home/hunqp/SDK/MP4v2/mp4v2-2.0.0/autoaux/missing --run automake-1.11'
AWK='mawk'
CC='gcc'
CCDEPMODE='depmode=none'
CFLAGS='-O2'
CPP='gcc -E'
CPPFLAGS=''
CXX='g++'
CXXCPP='g++ -E'
CXXDEPMODE='depmode=none'
CXXFLAGS='-O2 -fvisibility=hidden'
CYGPATH_W='echo'
DEFS='-DHAVE_CONFIG_H'
DEPDIR='.deps'
DSYMUTIL=''
DUMPBIN=''
ECHO_C=''
ECHO_N='-n'
ECHO_T=''
EGREP='/usr/bin/grep -E'
EXEEXT=''
FGREP='/usr/bin/grep -F'
FOUND_HELP2MAN='no'
GREP='/usr/bin/grep'
INSTALL_DATA='${INSTALL} -m 644'
INSTALL_PROGRAM='${INSTALL}'
INSTALL_SCRIPT='${INSTALL}'
INSTALL_STRIP_PROGRAM='$(install_sh) -c -s'
LD='/usr/bin/ld -m elf_x86_64'
LDFLAGS=''
LIBOBJS=''
LIBS=''
LIBTOOL='$(SHELL) $(top_builddir)/libtool'
LIPO=''
LN_S='ln -s'
LTLIBOBJS=''
MAKEINFO='${SHELL} /home/hunqp/SDK/MP4v2/mp4v2-2.0.0/autoaux/missing --run makeinfo'
MKDIR_P='/usr/bin/mkdir -p'
NM='/usr/bin/nm -B'
NMEDIT=''
OBJDUMP='objdump'
OBJEXT='o'
OTOOL64=''
OTOOL=''
PACKAGE='mp4v2'
PACKAGE_BUGREPORT='kidjan@gmail.com'
PACKAGE_NAME='MP4v2'
PACKAGE_STRING='MP4v2 2.0.0'
PACKAGE_TARNAME='mp4v2'
PACKAGE_URL=''
PACKAGE_VERSION='2.0.0'
PATH_SEPARATOR=':'
PROJECT_bugreport='<kidjan@gmail.com>'
PROJECT_build='Thu Sep  5 09:13:37 +07 2024'
PROJECT_irc='irc://irc.freenode.net/handbrake'
PROJECT_name='MP4v2'
PROJECT_name_formal='MP4v2 2.0.0'
PROJECT_name_lower='mp4v2'
PROJECT_name_upper='MP4V2'
PROJECT_repo_branch='2.0.0'
PROJECT_repo_date='2012-05-20 15:16:54 -0700 (Sun, 20 May 2012)'
PROJECT_repo_rev='493'
PROJECT_repo_root='https://mp4v2.googlecode.com/svn'
PROJECT_repo_type='stable'
PROJECT_repo_url='https://mp4v2.googlecode.com/svn/releases/2.0.0'
PROJECT_repo_uuid='6e6572fa-98a6-11dd-ad9f-f77439c74b79'
PROJECT_url_discussion='http://groups.google.com/group/mp4v2'
PROJECT_url_downloads='http://code.google.com/p/mp4v2/downloads/list'
PROJECT_url_website='http://code.google.com/p/mp4v2'
PROJECT_version='2.0.0'
PROJECT_version_hex='0x00020000'
PROJECT_version_major='2'
PROJECT_version_minor='0'
PROJECT_version_point='0'
RANLIB='ranlib'
SED='/usr/bin/sed'
SET_MAKE=''
SHELL='/bin/bash'
STRIP='strip'
VERSION='2.0.0'
X_CXX_ARCH=''
X_CXX_D=''
X_CXX_I=''
X_CXX_W=''
X_GCH='1'
X_GCH_FLAGS=''
X_GCH_SHARED='1'
X_GCH_SHARED_FLAGS=' -fPIC -DPIC'
X_GCH_STATIC='1'
X_GCH_STATIC_FLAGS='-static'
X_MINGW_LIBS=''
X_libmp4v2_la_LDFLAGS=''
ac_ct_CC='gcc'
ac_ct_CXX='g++'
ac_ct_DUMPBIN=''
am__EXEEXT_FALSE=''
am__EXEEXT_TRUE='#'
am__fastdepCC_FALSE=''
am__fastdepCC_TRUE='#'
am__fastdepCXX_FALSE=''
am__fastdepCXX_TRUE='#'
am__include='include'
am__isrc=''
am__leading_dot='.'
am__quote=''
am__tar='${AMTAR} chof - "$$tardir"'
am__untar='${AMTAR} xf -'
bindir='${exec_prefix}/bin'
build='x86_64-unknown-linux-gnu'
build_alias=''
build_cpu='x86_64'
build_os='linux-gnu'
build_vendor='unknown'
datadir='${datarootdir}'
datarootdir='${prefix}/share'
docdir='${datarootdir}/doc/${PACKAGE_TARNAME}'
dvidir='${docdir}'
exec_prefix='${prefix}'
host='x86_64-unknown-linux-gnu'
host_alias=''
host_cpu='x86_64'
host_os='linux-gnu'
host_vendor='unknown'
htmldir='${docdir}'
includedir='${prefix}/include'
infodir='${datarootdir}/info'
install_sh='${SHELL} /home/hunqp/SDK/MP4v2/mp4v2-2.0.0/autoaux/install-sh'
libdir='${exec_prefix}/lib'
libexecdir='${exec_prefix}/libexec'
localedir='${datarootdir}/locale'
localstatedir='${prefix}/var'
lt_ECHO='echo'
mandir='${datarootdir}/man'
mkdir_p='/usr/bin/mkdir -p'
oldincludedir='/usr/include'
pdfdir='${docdir}'
prefix='/usr/local'
program_transform_name='s,x,x,'
psdir='${docdir}'
sbindir='${exec_prefix}/sbin'
sharedstatedir='${prefix}/com'
sysconfdir='${prefix}/etc'
target_alias=''

## ----------- ##
## confdefs.h. ##
## ----------- ##

/* confdefs.h */
#define PACKAGE_NAME "MP4v2"
#define PACKAGE_TARNAME "mp4v2"
#define PACKAGE_VERSION "2.0.0"
#define PACKAGE_STRING "MP4v2 2.0.0"
#define PACKAGE_BUGREPORT "kidjan@gmail.com"
#define PACKAGE_URL ""
#define PACKAGE "mp4v2"
#define VERSION "2.0.0"
#define STDC_HEADERS 1
#define HAVE_SYS_TYPES_H 1
#define HAVE_SYS_STAT_H 1
#define HAVE_STDLIB_H 1
#define HAVE_STRING_H 1
#define HAVE_MEMORY_H 1
#define HAVE_STRINGS_H 1
#define HAVE_INTTYPES_H 1
#define HAVE_STDINT_H 1
#define HAVE_UNISTD_H 1
#define HAVE_DLFCN_H 1
#define LT_OBJDIR ".libs/"

configure: exit 0
